<?xml version="1.0" encoding="utf-8" standalone="no"?>
<!--This file represents the results of running a test suite-->
<test-results name="D:\AkhilMittal\Articles and Blogs\WebAPI\7\sourcecode\WebApi\WebAPI.nunit" total="10" errors="0" failures="0" not-run="0" inconclusive="0" ignored="0" skipped="0" invalid="0" date="2016-02-26" time="23:35:21">
  <environment nunit-version="2.6.4.14350" clr-version="2.0.50727.5485" os-version="Microsoft Windows NT 6.1.7601 Service Pack 1" platform="Win32NT" cwd="C:\Program Files (x86)\NUnit 2.6.4\bin" machine-name="69B5ZR1" user="akhil.mittal" user-domain="MAGICSW" />
  <culture-info current-culture="en-US" current-uiculture="en-US" />
  <test-suite type="Project" name="D:\AkhilMittal\Articles and Blogs\WebAPI\7\sourcecode\WebApi\WebAPI.nunit" executed="True" result="Success" success="True" time="5.668" asserts="0">
    <results>
      <test-suite type="Assembly" name="D:\AkhilMittal\Articles and Blogs\WebAPI\7\sourcecode\WebApi\ApiController.Tests\bin\Debug\ApiController.Tests.dll" executed="True" result="Success" success="True" time="5.661" asserts="0">
        <results>
          <test-suite type="Namespace" name="ApiController" executed="True" result="Success" success="True" time="5.660" asserts="0">
            <results>
              <test-suite type="Namespace" name="Tests" executed="True" result="Success" success="True" time="5.660" asserts="0">
                <results>
                  <test-suite type="TestFixture" name="ProductControllerTest" executed="True" result="Success" success="True" time="5.659" asserts="0">
                    <results>
                      <test-case name="ApiController.Tests.ProductControllerTest.CreateProductTest" executed="True" result="Success" success="True" time="0.246" asserts="1" />
                      <test-case name="ApiController.Tests.ProductControllerTest.DeleteProductInvalidIdTest" executed="True" result="Success" success="True" time="0.005" asserts="3" />
                      <test-case name="ApiController.Tests.ProductControllerTest.DeleteProductTest" executed="True" result="Success" success="True" time="0.006" asserts="1" />
                      <test-case name="ApiController.Tests.ProductControllerTest.DeleteProductWrongIdTest" executed="True" result="Success" success="True" time="0.003" asserts="3" />
                      <test-case name="ApiController.Tests.ProductControllerTest.GetAllProductsIntegrationTest" executed="True" result="Success" success="True" time="3.305" asserts="2" />
                      <test-case name="ApiController.Tests.ProductControllerTest.GetAllProductsTest" executed="True" result="Success" success="True" time="0.425" asserts="3" />
                      <test-case name="ApiController.Tests.ProductControllerTest.GetProductByIdTest" executed="True" result="Success" success="True" time="0.004" asserts="1" />
                      <test-case name="ApiController.Tests.ProductControllerTest.GetProductByInvalidIdTest" executed="True" result="Success" success="True" time="0.001" asserts="3" />
                      <test-case name="ApiController.Tests.ProductControllerTest.GetProductByWrongIdTest" executed="True" result="Success" success="True" time="0.001" asserts="3" />
                      <test-case name="ApiController.Tests.ProductControllerTest.UpdateProductTest" executed="True" result="Success" success="True" time="0.002" asserts="1" />
                    </results>
                  </test-suite>
                </results>
              </test-suite>
            </results>
          </test-suite>
        </results>
      </test-suite>
    </results>
  </test-suite>
</test-results>